[debug] [2022-01-29T21:37:54.898Z] ----------------------------------------------------------------------
[debug] [2022-01-29T21:37:54.903Z] Command:       C:\Program Files\nodejs\node.exe C:\Users\שילה\AppData\Roaming\npm\node_modules\firebase-tools\lib\bin\firebase.js init
[debug] [2022-01-29T21:37:54.904Z] CLI Version:   10.1.2
[debug] [2022-01-29T21:37:54.905Z] Platform:      win32
[debug] [2022-01-29T21:37:54.905Z] Node Version:  v16.13.0
[debug] [2022-01-29T21:37:54.908Z] Time:          Sat Jan 29 2022 23:37:54 GMT+0200 (שעון ישראל (חורף))
[debug] [2022-01-29T21:37:54.909Z] ----------------------------------------------------------------------
[debug] 
[debug] [2022-01-29T21:37:55.076Z] > command requires scopes: ["email","openid","https://www.googleapis.com/auth/cloudplatformprojects.readonly","https://www.googleapis.com/auth/firebase","https://www.googleapis.com/auth/cloud-platform"]
[debug] [2022-01-29T21:37:55.076Z] > authorizing via signed-in user (shiloisraelb@gmail.com)
[info] 
     ######## #### ########  ######## ########     ###     ######  ########
     ##        ##  ##     ## ##       ##     ##  ##   ##  ##       ##
     ######    ##  ########  ######   ########  #########  ######  ######
     ##        ##  ##    ##  ##       ##     ## ##     ##       ## ##
     ##       #### ##     ## ######## ########  ##     ##  ######  ########

You're about to initialize a Firebase project in this directory:

  C:\Users\שילה\Documents\AngulaProject1\angular-tour-of-heroes

Before we get started, keep in mind:

  * You are initializing within an existing Firebase project directory

[info] 
=== Project Setup
[info] 
[info] First, let's associate this project directory with a Firebase project.
[info] You can create multiple project aliases by running firebase use --add, 
[info] but for now we'll just set up a default project.
[info] 
[debug] [2022-01-29T21:38:01.944Z] Using project from CLI flag: shiloshop-44962
[debug] [2022-01-29T21:38:01.953Z] >>> [apiv2][query] GET https://firebase.googleapis.com/v1beta1/projects/shiloshop-44962 [none]
[debug] [2022-01-29T21:38:02.464Z] <<< [apiv2][status] GET https://firebase.googleapis.com/v1beta1/projects/shiloshop-44962 200
[debug] [2022-01-29T21:38:02.465Z] <<< [apiv2][body] GET https://firebase.googleapis.com/v1beta1/projects/shiloshop-44962 {"projectId":"shiloshop-44962","projectNumber":"770576064546","displayName":"ShiloShop","name":"projects/shiloshop-44962","resources":{"hostingSite":"shiloshop-44962","storageBucket":"shiloshop-44962.appspot.com","locationId":"europe-west"},"state":"ACTIVE"}
[info] i  Using project shiloshop-44962 (ShiloShop) 
[info] 
=== Hosting Setup
[info] 
[info] Your public directory is the folder (relative to your project directory) that
[info] will contain Hosting assets to be uploaded with firebase deploy. If you
[info] have a build process for your assets, use your build's output directory.
[info] 
[debug] [2022-01-29T21:38:15.469Z] >>> [apiv2][query] GET https://www.gstatic.com/firebasejs/releases.json [none]
[debug] [2022-01-29T21:38:19.673Z] <<< [apiv2][status] GET https://www.gstatic.com/firebasejs/releases.json 200
[debug] [2022-01-29T21:38:19.675Z] <<< [apiv2][body] GET https://www.gstatic.com/firebasejs/releases.json {"current":{"version":"9.6.5","browserURL":"https://www.gstatic.com/firebasejs/9.6.5/firebase.js","packageURL":"https://www.gstatic.com/firebasejs/9.6.5/firebase.tgz"},"live":{"version":"9.6","browserURL":"https://www.gstatic.com/firebasejs/live/9.6/firebase.js","packageURL":"https://www.gstatic.com/firebasejs/live/9.6/firebase.tgz"},"components":{"analytics":"https://www.gstatic.com/firebasejs/9.6.5/firebase-analytics.js","app":"https://www.gstatic.com/firebasejs/9.6.5/firebase-app.js","app-check":"https://www.gstatic.com/firebasejs/9.6.5/firebase-app-check.js","auth":"https://www.gstatic.com/firebasejs/9.6.5/firebase-auth.js","auth/cordova":"https://www.gstatic.com/firebasejs/9.6.5/firebase-auth/cordova.js","auth/react-native":"https://www.gstatic.com/firebasejs/9.6.5/firebase-auth/react-native.js","functions":"https://www.gstatic.com/firebasejs/9.6.5/firebase-functions.js","firestore":"https://www.gstatic.com/firebasejs/9.6.5/firebase-firestore.js","firestore/lite":"https://www.gstatic.com/firebasejs/9.6.5/firebase-firestore/lite.js","storage":"https://www.gstatic.com/firebasejs/9.6.5/firebase-storage.js","performance":"https://www.gstatic.com/firebasejs/9.6.5/firebase-performance.js","remote-config":"https://www.gstatic.com/firebasejs/9.6.5/firebase-remote-config.js","messaging":"https://www.gstatic.com/firebasejs/9.6.5/firebase-messaging.js","messaging/sw":"https://www.gstatic.com/firebasejs/9.6.5/firebase-messaging/sw.js","database":"https://www.gstatic.com/firebasejs/9.6.5/firebase-database.js","firestore.memory":"https://www.gstatic.com/firebasejs/9.6.5/firebase-firestore.memory.js"}}
[info] +  Wrote sh/index.html 
[info] 
[info] i  Didn't detect a .git folder. Assuming C:\Users\שילה\Documents\AngulaProject1\angular-tour-of-heroes\src\app is the project root. 
[info] i  Authorizing with GitHub to upload your service account to a GitHub repository's secrets store. 
[info] 
[info] Visit this URL on this device to log in:
[info] https://github.com/login/oauth/authorize?client_id=89cf50f02ac6aaed3484&state=812483661&redirect_uri=http%3A%2F%2Flocalhost%3A9005&scope=read%3Auser%20repo%20public_repo
[info] 
[info] Waiting for authentication...
[debug] [2022-01-29T21:38:38.064Z] >>> HTTP REQUEST POST https://github.com/login/oauth/access_token  
 {"client_id":"89cf50f02ac6aaed3484","client_secret":"3330d14abc895d9a74d5f17cd7a00711fa2c5bf0","code":"bfacc9db99ee5c32cbf8","redirect_uri":"http://localhost:9005","state":"812483661"}
[debug] [2022-01-29T21:38:38.533Z] <<< HTTP RESPONSE 200 {"server":"GitHub.com","date":"Sat, 29 Jan 2022 21:38:38 GMT","content-type":"application/json; charset=utf-8","transfer-encoding":"chunked","vary":"X-PJAX, X-PJAX-Container, Accept-Encoding, Accept, X-Requested-With","permissions-policy":"interest-cohort=()","etag":"W/\"1db72ec0440d1e158e45a14322a032bc\"","cache-control":"max-age=0, private, must-revalidate","strict-transport-security":"max-age=31536000; includeSubdomains; preload","x-frame-options":"deny","x-content-type-options":"nosniff","x-xss-protection":"0","referrer-policy":"origin-when-cross-origin, strict-origin-when-cross-origin","expect-ct":"max-age=2592000, report-uri=\"https://api.github.com/_private/browser/errors\"","content-security-policy":"default-src 'none'; base-uri 'self'; block-all-mixed-content; child-src github.com/assets-cdn/worker/ gist.github.com/assets-cdn/worker/; connect-src 'self' uploads.github.com objects-origin.githubusercontent.com www.githubstatus.com collector.githubapp.com api.github.com github-cloud.s3.amazonaws.com github-production-repository-file-5c1aeb.s3.amazonaws.com github-production-upload-manifest-file-7fdce7.s3.amazonaws.com github-production-user-asset-6210df.s3.amazonaws.com cdn.optimizely.com logx.optimizely.com/v1/events translator.github.com wss://alive.github.com; font-src github.githubassets.com; form-action 'self' github.com gist.github.com objects-origin.githubusercontent.com; frame-ancestors 'none'; frame-src render.githubusercontent.com viewscreen.githubusercontent.com notebooks.githubusercontent.com; img-src 'self' data: github.githubassets.com identicons.github.com collector.githubapp.com github-cloud.s3.amazonaws.com secured-user-images.githubusercontent.com/ *.githubusercontent.com; manifest-src 'self'; media-src github.com user-images.githubusercontent.com/; script-src github.githubassets.com; style-src 'unsafe-inline' github.githubassets.com; worker-src github.com/assets-cdn/worker/ gist.github.com/assets-cdn/worker/","x-github-request-id":"8420:0410:C052AC:C8AC9C:61F5B3DE"}
[debug] [2022-01-29T21:38:38.550Z] >>> [apiv2][query] GET https://api.github.com/user [none]
[debug] [2022-01-29T21:38:39.011Z] <<< [apiv2][status] GET https://api.github.com/user 200
[debug] [2022-01-29T21:38:39.011Z] <<< [apiv2][body] GET https://api.github.com/user {"login":"shiloisraelb","id":81986090,"node_id":"MDQ6VXNlcjgxOTg2MDkw","avatar_url":"https://avatars.githubusercontent.com/u/81986090?v=4","gravatar_id":"","url":"https://api.github.com/users/shiloisraelb","html_url":"https://github.com/shiloisraelb","followers_url":"https://api.github.com/users/shiloisraelb/followers","following_url":"https://api.github.com/users/shiloisraelb/following{/other_user}","gists_url":"https://api.github.com/users/shiloisraelb/gists{/gist_id}","starred_url":"https://api.github.com/users/shiloisraelb/starred{/owner}{/repo}","subscriptions_url":"https://api.github.com/users/shiloisraelb/subscriptions","organizations_url":"https://api.github.com/users/shiloisraelb/orgs","repos_url":"https://api.github.com/users/shiloisraelb/repos","events_url":"https://api.github.com/users/shiloisraelb/events{/privacy}","received_events_url":"https://api.github.com/users/shiloisraelb/received_events","type":"User","site_admin":false,"name":"shilo bitton","company":"shilo","blog":"","location":"israel","email":null,"hireable":null,"bio":"\r\nI'm a full stack developer on .net","twitter_username":null,"public_repos":1,"public_gists":0,"followers":0,"following":0,"created_at":"2021-04-05T17:55:21Z","updated_at":"2022-01-29T20:35:51Z","private_gists":0,"total_private_repos":2,"owned_private_repos":2,"disk_usage":2127,"collaborators":0,"two_factor_authentication":false,"plan":{"name":"free","space":976562499,"collaborators":0,"private_repos":10000}}
[info] 
[info] +  Success! Logged into GitHub as shiloisraelb 
[info] 
[debug] [2022-01-29T21:39:41.528Z] >>> [apiv2][query] GET https://api.github.com/repos/ShiloApi/actions/secrets/public-key type=owner
[debug] [2022-01-29T21:39:42.368Z] <<< [apiv2][status] GET https://api.github.com/repos/ShiloApi/actions/secrets/public-key 404
[debug] [2022-01-29T21:39:42.368Z] <<< [apiv2][body] GET https://api.github.com/repos/ShiloApi/actions/secrets/public-key {"message":"Not Found","documentation_url":"https://docs.github.com/rest"}
[debug] [2022-01-29T21:39:50.381Z] >>> [apiv2][query] GET https://api.github.com/repos/ShiloApi/actions/secrets/public-key type=owner
[debug] [2022-01-29T21:39:51.109Z] <<< [apiv2][status] GET https://api.github.com/repos/ShiloApi/actions/secrets/public-key 404
[debug] [2022-01-29T21:39:51.109Z] <<< [apiv2][body] GET https://api.github.com/repos/ShiloApi/actions/secrets/public-key {"message":"Not Found","documentation_url":"https://docs.github.com/rest"}
[debug] [2022-01-29T21:40:05.952Z] >>> [apiv2][query] GET https://api.github.com/repos/ShiloApi+front/actions/secrets/public-key type=owner
[debug] [2022-01-29T21:40:07.838Z] <<< [apiv2][status] GET https://api.github.com/repos/ShiloApi+front/actions/secrets/public-key 404
[debug] [2022-01-29T21:40:07.838Z] <<< [apiv2][body] GET https://api.github.com/repos/ShiloApi+front/actions/secrets/public-key {"message":"Not Found","documentation_url":"https://docs.github.com/rest"}
[debug] [2022-01-29T21:40:49.462Z] >>> [apiv2][query] GET https://api.github.com/repos/shiloisraelb/actions/secrets/public-key type=owner
[debug] [2022-01-29T21:40:49.470Z] >>> [apiv2][query] GET https://api.github.com/repos///actions/secrets/public-key type=owner
[debug] [2022-01-29T21:40:50.369Z] <<< [apiv2][status] GET https://api.github.com/repos/shiloisraelb/actions/secrets/public-key 404
[debug] [2022-01-29T21:40:50.370Z] <<< [apiv2][body] GET https://api.github.com/repos/shiloisraelb/actions/secrets/public-key {"message":"Not Found","documentation_url":"https://docs.github.com/rest"}
[debug] [2022-01-29T21:40:50.469Z] <<< [apiv2][status] GET https://api.github.com/repos///actions/secrets/public-key 404
[debug] [2022-01-29T21:40:50.469Z] <<< [apiv2][body] GET https://api.github.com/repos///actions/secrets/public-key {"message":"Not Found","documentation_url":"https://docs.github.com/rest"}
[debug] [2022-01-29T21:40:52.908Z] >>> [apiv2][query] GET https://api.github.com/repos/ShiloApishiloisraelb//actions/secrets/public-key type=owner
[debug] [2022-01-29T21:40:54.148Z] <<< [apiv2][status] GET https://api.github.com/repos/ShiloApishiloisraelb//actions/secrets/public-key 404
[debug] [2022-01-29T21:40:54.148Z] <<< [apiv2][body] GET https://api.github.com/repos/ShiloApishiloisraelb//actions/secrets/public-key {"message":"Not Found","documentation_url":"https://docs.github.com/rest"}
[debug] [2022-01-29T21:41:10.062Z] >>> [apiv2][query] GET https://api.github.com/repos/shiloisraelb/actions/secrets/public-key type=owner
[debug] [2022-01-29T21:41:10.068Z] >>> [apiv2][query] GET https://api.github.com/repos///actions/secrets/public-key type=owner
[debug] [2022-01-29T21:41:11.632Z] <<< [apiv2][status] GET https://api.github.com/repos/shiloisraelb/actions/secrets/public-key 404
[debug] [2022-01-29T21:41:11.633Z] <<< [apiv2][body] GET https://api.github.com/repos/shiloisraelb/actions/secrets/public-key {"message":"Not Found","documentation_url":"https://docs.github.com/rest"}
[debug] [2022-01-29T21:41:11.719Z] <<< [apiv2][status] GET https://api.github.com/repos///actions/secrets/public-key 404
[debug] [2022-01-29T21:41:11.720Z] <<< [apiv2][body] GET https://api.github.com/repos///actions/secrets/public-key {"message":"Not Found","documentation_url":"https://docs.github.com/rest"}
[debug] [2022-01-29T21:41:14.803Z] >>> [apiv2][query] GET https://api.github.com/repos/shiloisraelb/actions/secrets/public-key type=owner
[debug] [2022-01-29T21:41:14.806Z] >>> [apiv2][query] GET https://api.github.com/repos///actions/secrets/public-key type=owner
[debug] [2022-01-29T21:41:15.149Z] <<< [apiv2][status] GET https://api.github.com/repos///actions/secrets/public-key 404
[debug] [2022-01-29T21:41:15.149Z] <<< [apiv2][body] GET https://api.github.com/repos///actions/secrets/public-key {"message":"Not Found","documentation_url":"https://docs.github.com/rest"}
[debug] [2022-01-29T21:41:15.207Z] <<< [apiv2][status] GET https://api.github.com/repos/shiloisraelb/actions/secrets/public-key 404
[debug] [2022-01-29T21:41:15.208Z] <<< [apiv2][body] GET https://api.github.com/repos/shiloisraelb/actions/secrets/public-key {"message":"Not Found","documentation_url":"https://docs.github.com/rest"}
[debug] [2022-01-29T21:41:33.909Z] >>> [apiv2][query] GET https://api.github.com/repos/shiloisraelb/actions/secrets/public-key type=owner
[debug] [2022-01-29T21:41:33.913Z] >>> [apiv2][query] GET https://api.github.com/repos///actions/secrets/public-key type=owner
[debug] [2022-01-29T21:41:34.304Z] <<< [apiv2][status] GET https://api.github.com/repos///actions/secrets/public-key 404
[debug] [2022-01-29T21:41:34.305Z] <<< [apiv2][body] GET https://api.github.com/repos///actions/secrets/public-key {"message":"Not Found","documentation_url":"https://docs.github.com/rest"}
[debug] [2022-01-29T21:41:34.347Z] <<< [apiv2][status] GET https://api.github.com/repos/shiloisraelb/actions/secrets/public-key 404
[debug] [2022-01-29T21:41:34.347Z] <<< [apiv2][body] GET https://api.github.com/repos/shiloisraelb/actions/secrets/public-key {"message":"Not Found","documentation_url":"https://docs.github.com/rest"}
[debug] [2022-01-29T21:41:40.632Z] >>> [apiv2][query] GET https://api.github.com/repos/ShiloApi/shiloisraelb/actions/secrets/public-key type=owner
[debug] [2022-01-29T21:41:42.674Z] <<< [apiv2][status] GET https://api.github.com/repos/ShiloApi/shiloisraelb/actions/secrets/public-key 404
[debug] [2022-01-29T21:41:42.675Z] <<< [apiv2][body] GET https://api.github.com/repos/ShiloApi/shiloisraelb/actions/secrets/public-key {"message":"Not Found","documentation_url":"https://docs.github.com/rest/reference/actions#get-a-repository-public-key"}
[debug] [2022-01-29T21:41:50.534Z] >>> [apiv2][query] GET https://api.github.com/repos/ShiloApi/actions/secrets/public-key type=owner
[debug] [2022-01-29T21:41:50.879Z] <<< [apiv2][status] GET https://api.github.com/repos/ShiloApi/actions/secrets/public-key 404
[debug] [2022-01-29T21:41:50.880Z] <<< [apiv2][body] GET https://api.github.com/repos/ShiloApi/actions/secrets/public-key {"message":"Not Found","documentation_url":"https://docs.github.com/rest"}
[debug] [2022-01-29T21:41:54.565Z] >>> [apiv2][query] GET https://api.github.com/repos/Shilo/actions/secrets/public-key type=owner
[debug] [2022-01-29T21:41:54.935Z] <<< [apiv2][status] GET https://api.github.com/repos/Shilo/actions/secrets/public-key 404
[debug] [2022-01-29T21:41:54.937Z] <<< [apiv2][body] GET https://api.github.com/repos/Shilo/actions/secrets/public-key {"message":"Not Found","documentation_url":"https://docs.github.com/rest"}
[debug] [2022-01-29T21:42:15.618Z] >>> [apiv2][query] GET https://api.github.com/repos/shiloisraelb/actions/secrets/public-key type=owner
[debug] [2022-01-29T21:42:15.621Z] >>> [apiv2][query] GET https://api.github.com/repos///actions/secrets/public-key type=owner
[debug] [2022-01-29T21:42:16.059Z] <<< [apiv2][status] GET https://api.github.com/repos/shiloisraelb/actions/secrets/public-key 404
[debug] [2022-01-29T21:42:16.059Z] <<< [apiv2][body] GET https://api.github.com/repos/shiloisraelb/actions/secrets/public-key {"message":"Not Found","documentation_url":"https://docs.github.com/rest"}
[debug] [2022-01-29T21:42:16.117Z] <<< [apiv2][status] GET https://api.github.com/repos///actions/secrets/public-key 404
[debug] [2022-01-29T21:42:16.118Z] <<< [apiv2][body] GET https://api.github.com/repos///actions/secrets/public-key {"message":"Not Found","documentation_url":"https://docs.github.com/rest"}
[debug] [2022-01-29T21:42:16.854Z] >>> [apiv2][query] GET https://api.github.com/repos/ShiloApishiloisraelb//actions/secrets/public-key type=owner
[debug] [2022-01-29T21:42:17.211Z] <<< [apiv2][status] GET https://api.github.com/repos/ShiloApishiloisraelb//actions/secrets/public-key 404
[debug] [2022-01-29T21:42:17.211Z] <<< [apiv2][body] GET https://api.github.com/repos/ShiloApishiloisraelb//actions/secrets/public-key {"message":"Not Found","documentation_url":"https://docs.github.com/rest"}
[debug] [2022-01-29T21:42:26.530Z] >>> [apiv2][query] GET https://api.github.com/repos/hj/actions/secrets/public-key type=owner
[debug] [2022-01-29T21:42:27.198Z] <<< [apiv2][status] GET https://api.github.com/repos/hj/actions/secrets/public-key 404
[debug] [2022-01-29T21:42:27.199Z] <<< [apiv2][body] GET https://api.github.com/repos/hj/actions/secrets/public-key {"message":"Not Found","documentation_url":"https://docs.github.com/rest"}
[debug] [2022-01-29T21:43:16.804Z] >>> [apiv2][query] GET https://api.github.com/repos/shilo/actions/secrets/public-key type=owner
[debug] [2022-01-29T21:43:20.210Z] <<< [apiv2][status] GET https://api.github.com/repos/shilo/actions/secrets/public-key 404
[debug] [2022-01-29T21:43:20.211Z] <<< [apiv2][body] GET https://api.github.com/repos/shilo/actions/secrets/public-key {"message":"Not Found","documentation_url":"https://docs.github.com/rest"}
